  Coffeebreak.cpp
  Dot.cpp
  Enemy.cpp
c:\users\tnakahara\source\repos\pacman_dxlib\enemy.cpp(507): warning C4244: '初期化中': 'double' から 'int' への変換です。データが失われる可能性があります。
c:\users\tnakahara\source\repos\pacman_dxlib\enemy.cpp(508): warning C4244: '初期化中': 'double' から 'int' への変換です。データが失われる可能性があります。
  Fruit.cpp
  Game.cpp
  Main.cpp
  Maze.cpp
  Pause.cpp
  Player.cpp
  Scene.cpp
  Score.cpp
  Sound.cpp
  Title.cpp
  TitleConfig.cpp
  TitleMenu.cpp
  コード生成しています。
  All 774 functions were compiled because no usable IPDB/IOBJ from previous compilation was found.
  コード生成が終了しました。
  Pacman_DxLib.vcxproj -> C:\Users\tnakahara\source\repos\Pacman_DxLib\Release\Pacman_DxLib.exe
